<?xml version="1.0" encoding="UTF-8"?>
<!-- Generated by org.testng.reporters.JUnitReportReporter -->
<testsuite hostname="BDC4-D-J0G3T72" name="mav_sel.NewTest" tests="2" failures="0" timestamp="23 Oct 2019 06:12:58 GMT" time="54.259" errors="0">
  <testcase name="logintest" time="28.336" classname="mav_sel.NewTest"/>
  <testcase name="logintest" time="25.923" classname="mav_sel.NewTest"/>
</testsuite> <!-- mav_sel.NewTest -->
